[2023-03-09 17:41:21] local.ERROR: During inheritance of ArrayAccess: Uncaught ErrorException: Return type of Illuminate\Support\Collection::offsetExists($key) should either be compatible with ArrayAccess::offsetExists(mixed $offset): bool, or the #[\ReturnTypeWillChange] attribute should be used to temporarily suppress the notice in /Users/santi/Documents/Intership/public_html/vendor/laravel/framework/src/Illuminate/Collections/Collection.php:1413
Stack trace:
#0 /Users/santi/Documents/Intership/public_html/vendor/laravel/framework/src/Illuminate/Collections/Collection.php(11): Illuminate\Foundation\Bootstrap\HandleExceptions->handleError(8192, 'Return type of ...', '/Users/santi/Do...', 1413)
#1 /Users/santi/Documents/Intership/public_html/vendor/composer/ClassLoader.php(444): include('/Users/santi/Do...')
#2 /Users/santi/Documents/Intership/public_html/vendor/composer/ClassLoader.php(322): Composer\Autoload\includeFile('/Users/santi/Do...')
#3 /Users/santi/Documents/Intership/public_html/vendor/laravel/framework/src/Illuminate/Collections/helpers.php(15): Composer\Autoload\ClassLoader->loadClass('Illuminate\\Supp...')
#4 /Users/santi/Documents/Intership/public_html/vendor/laravel/framework/src/Illuminate/Foundation/PackageManifest.php(89): collect(Array)
#5 /Users/santi/Documents/Intership/public_html/vendor/laravel/framework/src/Illuminate/Foundation/PackageManifest.php(78): Illuminate\Foundation\PackageManifest->config('aliases')
#6 /Users/santi/Documents/Intership/public_html/vendor/laravel/framework/src/Illuminate/Foundation/Bootstrap/RegisterFacades.php(26): Illuminate\Foundation\PackageManifest->aliases()
#7 /Users/santi/Documents/Intership/public_html/vendor/laravel/framework/src/Illuminate/Foundation/Application.php(230): Illuminate\Foundation\Bootstrap\RegisterFacades->bootstrap(Object(Illuminate\Foundation\Application))
#8 /Users/santi/Documents/Intership/public_html/vendor/laravel/framework/src/Illuminate/Foundation/Console/Kernel.php(310): Illuminate\Foundation\Application->bootstrapWith(Array)
#9 /Users/santi/Documents/Intership/public_html/vendor/laravel/framework/src/Illuminate/Foundation/Console/Kernel.php(127): Illuminate\Foundation\Console\Kernel->bootstrap()
#10 /Users/santi/Documents/Intership/public_html/artisan(37): Illuminate\Foundation\Console\Kernel->handle(Object(Symfony\Component\Console\Input\ArgvInput), Object(Symfony\Component\Console\Output\ConsoleOutput))
#11 {main} {"exception":"[object] (Symfony\\Component\\ErrorHandler\\Error\\FatalError(code: 0): During inheritance of ArrayAccess: Uncaught ErrorException: Return type of Illuminate\\Support\\Collection::offsetExists($key) should either be compatible with ArrayAccess::offsetExists(mixed $offset): bool, or the #[\\ReturnTypeWillChange] attribute should be used to temporarily suppress the notice in /Users/santi/Documents/Intership/public_html/vendor/laravel/framework/src/Illuminate/Collections/Collection.php:1413
Stack trace:
#0 /Users/santi/Documents/Intership/public_html/vendor/laravel/framework/src/Illuminate/Collections/Collection.php(11): Illuminate\\Foundation\\Bootstrap\\HandleExceptions->handleError(8192, 'Return type of ...', '/Users/santi/Do...', 1413)
#1 /Users/santi/Documents/Intership/public_html/vendor/composer/ClassLoader.php(444): include('/Users/santi/Do...')
#2 /Users/santi/Documents/Intership/public_html/vendor/composer/ClassLoader.php(322): Composer\\Autoload\\includeFile('/Users/santi/Do...')
#3 /Users/santi/Documents/Intership/public_html/vendor/laravel/framework/src/Illuminate/Collections/helpers.php(15): Composer\\Autoload\\ClassLoader->loadClass('Illuminate\\\\Supp...')
#4 /Users/santi/Documents/Intership/public_html/vendor/laravel/framework/src/Illuminate/Foundation/PackageManifest.php(89): collect(Array)
#5 /Users/santi/Documents/Intership/public_html/vendor/laravel/framework/src/Illuminate/Foundation/PackageManifest.php(78): Illuminate\\Foundation\\PackageManifest->config('aliases')
#6 /Users/santi/Documents/Intership/public_html/vendor/laravel/framework/src/Illuminate/Foundation/Bootstrap/RegisterFacades.php(26): Illuminate\\Foundation\\PackageManifest->aliases()
#7 /Users/santi/Documents/Intership/public_html/vendor/laravel/framework/src/Illuminate/Foundation/Application.php(230): Illuminate\\Foundation\\Bootstrap\\RegisterFacades->bootstrap(Object(Illuminate\\Foundation\\Application))
#8 /Users/santi/Documents/Intership/public_html/vendor/laravel/framework/src/Illuminate/Foundation/Console/Kernel.php(310): Illuminate\\Foundation\\Application->bootstrapWith(Array)
#9 /Users/santi/Documents/Intership/public_html/vendor/laravel/framework/src/Illuminate/Foundation/Console/Kernel.php(127): Illuminate\\Foundation\\Console\\Kernel->bootstrap()
#10 /Users/santi/Documents/Intership/public_html/artisan(37): Illuminate\\Foundation\\Console\\Kernel->handle(Object(Symfony\\Component\\Console\\Input\\ArgvInput), Object(Symfony\\Component\\Console\\Output\\ConsoleOutput))
#11 {main} at /Users/santi/Documents/Intership/public_html/vendor/laravel/framework/src/Illuminate/Collections/Collection.php:11)
[stacktrace]
#0 {main}
"} 
