[2022-12-14 04:04:46] local.ERROR: Command "cache:clear." is not defined.

Did you mean one of these?
    backup:clean
    cache:clear
    cache:forget
    cache:table
    config:clear
    debugbar:clear
    event:clear
    geoip:clear
    log-viewer:clear
    optimize:clear
    queue:clear
    route:clear
    translations:clean
    view:clear {"exception":"[object] (Symfony\\Component\\Console\\Exception\\CommandNotFoundException(code: 0): Command \"cache:clear.\" is not defined.

Did you mean one of these?
    backup:clean
    cache:clear
    cache:forget
    cache:table
    config:clear
    debugbar:clear
    event:clear
    geoip:clear
    log-viewer:clear
    optimize:clear
    queue:clear
    route:clear
    translations:clean
    view:clear at /Users/santi/Documents/Intership/testing/vendor/symfony/console/Application.php:720)
[stacktrace]
#0 /Users/santi/Documents/Intership/testing/vendor/symfony/console/Application.php(259): Symfony\\Component\\Console\\Application->find('cache:clear.')
#1 /Users/santi/Documents/Intership/testing/vendor/symfony/console/Application.php(171): Symfony\\Component\\Console\\Application->doRun(Object(Symfony\\Component\\Console\\Input\\ArgvInput), Object(Symfony\\Component\\Console\\Output\\ConsoleOutput))
#2 /Users/santi/Documents/Intership/testing/vendor/laravel/framework/src/Illuminate/Console/Application.php(94): Symfony\\Component\\Console\\Application->run(Object(Symfony\\Component\\Console\\Input\\ArgvInput), Object(Symfony\\Component\\Console\\Output\\ConsoleOutput))
#3 /Users/santi/Documents/Intership/testing/vendor/laravel/framework/src/Illuminate/Foundation/Console/Kernel.php(129): Illuminate\\Console\\Application->run(Object(Symfony\\Component\\Console\\Input\\ArgvInput), Object(Symfony\\Component\\Console\\Output\\ConsoleOutput))
#4 /Users/santi/Documents/Intership/testing/artisan(37): Illuminate\\Foundation\\Console\\Kernel->handle(Object(Symfony\\Component\\Console\\Input\\ArgvInput), Object(Symfony\\Component\\Console\\Output\\ConsoleOutput))
#5 {main}
"} 
